<?xml version="1.0" encoding="UTF-8"?>
<testsuites>
  <testsuite name="/Users/isunja/teachiq/phpunit-merger/phpunit.xml.dist" tests="6" assertions="15" errors="0" failures="0" skipped="0" time="0.168085">
    <testsuite name="coverage" tests="5" assertions="13" errors="0" failures="0" skipped="0" time="0.166387">
      <testsuite name="Nimut\PhpunitMerger\Tests\Command\Coverage\CoverageCommandTest" file="/Users/isunja/teachiq/phpunit-merger/tests/PhpunitMerger/Command/Coverage/CoverageCommandTest.php" tests="5" assertions="13" errors="0" failures="0" skipped="0" time="0.166387">
        <testcase name="testCoverageWritesOutputFile" file="/Users/isunja/teachiq/phpunit-merger/tests/PhpunitMerger/Command/Coverage/CoverageCommandTest.php" line="19" class="Nimut\PhpunitMerger\Tests\Command\Coverage\CoverageCommandTest" classname="Nimut.PhpunitMerger.Tests.Command.Coverage.CoverageCommandTest" assertions="2" time="0.039053"/>
        <testcase name="testCoverageWritesHtmlReport" file="/Users/isunja/teachiq/phpunit-merger/tests/PhpunitMerger/Command/Coverage/CoverageCommandTest.php" line="57" class="Nimut\PhpunitMerger\Tests\Command\Coverage\CoverageCommandTest" classname="Nimut.PhpunitMerger.Tests.Command.Coverage.CoverageCommandTest" assertions="2" time="0.037853"/>
        <testcase name="testCoverageWritesOutputFileAndHtmlReport" file="/Users/isunja/teachiq/phpunit-merger/tests/PhpunitMerger/Command/Coverage/CoverageCommandTest.php" line="111" class="Nimut\PhpunitMerger\Tests\Command\Coverage\CoverageCommandTest" classname="Nimut.PhpunitMerger.Tests.Command.Coverage.CoverageCommandTest" assertions="4" time="0.032447"/>
        <testcase name="testCoverageWritesHtmlReportWithCustomBounds" file="/Users/isunja/teachiq/phpunit-merger/tests/PhpunitMerger/Command/Coverage/CoverageCommandTest.php" line="78" class="Nimut\PhpunitMerger\Tests\Command\Coverage\CoverageCommandTest" classname="Nimut.PhpunitMerger.Tests.Command.Coverage.CoverageCommandTest" assertions="4" time="0.032012"/>
        <testcase name="testCoverageWritesStandardOutput" file="/Users/isunja/teachiq/phpunit-merger/tests/PhpunitMerger/Command/Coverage/CoverageCommandTest.php" line="40" class="Nimut\PhpunitMerger\Tests\Command\Coverage\CoverageCommandTest" classname="Nimut.PhpunitMerger.Tests.Command.Coverage.CoverageCommandTest" assertions="1" time="0.025021"/>
      </testsuite>
    </testsuite>
    <testsuite name="log" tests="1" assertions="2" errors="0" failures="0" skipped="0" time="0.001699">
      <testsuite name="Nimut\PhpunitMerger\Tests\Command\Log\LogCommandTest" file="/Users/isunja/teachiq/phpunit-merger/tests/PhpunitMerger/Command/Log/LogCommandTest.php" tests="1" assertions="2" errors="0" failures="0" skipped="0" time="0.001699">
        <testcase name="testRunMergesCoverage" file="/Users/isunja/teachiq/phpunit-merger/tests/PhpunitMerger/Command/Log/LogCommandTest.php" line="19" class="Nimut\PhpunitMerger\Tests\Command\Log\LogCommandTest" classname="Nimut.PhpunitMerger.Tests.Command.Log.LogCommandTest" assertions="2" time="0.001699"/>
      </testsuite>
    </testsuite>
  </testsuite>
</testsuites>
